2016-11-30 14:56:11,136 [14] Orchard.Recipes.Services.RecipeManager - Default - INFO Executing recipe 'Default'.
2016-11-30 14:56:11,153 [14] Orchard.Recipes.Services.RecipeStepQueue - Default - INFO Enqueuing recipe step 'Feature'.
2016-11-30 14:56:11,184 [14] Orchard.Recipes.Services.RecipeStepQueue - Default - INFO Enqueuing recipe step 'ContentDefinition'.
2016-11-30 14:56:11,192 [14] Orchard.Recipes.Services.RecipeStepQueue - Default - INFO Enqueuing recipe step 'Settings'.
2016-11-30 14:56:11,198 [14] Orchard.Recipes.Services.RecipeStepQueue - Default - INFO Enqueuing recipe step 'Migration'.
2016-11-30 14:56:11,202 [14] Orchard.Recipes.Services.RecipeStepQueue - Default - INFO Enqueuing recipe step 'Command'.
2016-11-30 14:56:11,215 [14] Orchard.Recipes.Services.RecipeStepQueue - Default - INFO Enqueuing recipe step 'ActivateShell'.
2016-11-30 14:56:11,413 [14] Orchard.Recipes.Services.RecipeStepQueue - Default - INFO Dequeuing recipe steps.
2016-11-30 14:56:11,414 [14] Orchard.Recipes.Services.RecipeStepQueue - Default - INFO Dequeuing recipe step 'Feature'.
2016-11-30 14:56:11,419 [14] Orchard.Recipes.Services.RecipeStepExecutor - Default - INFO Executing recipe step 'Feature'.
2016-11-30 14:56:11,422 [14] Orchard.Recipes.Providers.RecipeHandlers.RecipeExecutionStepHandler - Default - INFO Executing recipe step 'Feature'.
2016-11-30 14:56:11,425 [14] Orchard.Recipes.Services.RecipeExecutionLogger - Default - INFO FeatureStep: Enabling features: Orchard.Blogs;Orchard.Comments;Orchard.Tags;Orchard.Alias;Orchard.Autoroute;TinyMce;Orchard.MediaLibrary;Orchard.ContentPicker;Orchard.PublishLater;Orchard.Resources;Orchard.Widgets;Orchard.ContentTypes;Orchard.Scripting;Orchard.Scripting.Lightweight;PackagingServices;Orchard.Packaging;Orchard.Projections;Orchard.Fields;Orchard.OutputCache;Orchard.Taxonomies;Orchard.Workflows;Orchard.Layouts;Orchard.Layouts.Tokens;TheThemeMachine
2016-11-30 14:56:11,580 [14] Orchard.Recipes.Providers.RecipeHandlers.RecipeExecutionStepHandler - Default - INFO Finished executing recipe step 'Feature'.
2016-11-30 14:56:11,605 [14] Orchard.Recipes.Services.RecipeScheduler - Default - INFO Scheduling next step of recipe.
2016-11-30 14:56:15,834 [14] Orchard.Recipes.Services.RecipeStepQueue - Default - INFO Dequeuing recipe steps.
2016-11-30 14:56:15,835 [14] Orchard.Recipes.Services.RecipeStepQueue - Default - INFO Dequeuing recipe step 'ContentDefinition'.
2016-11-30 14:56:15,840 [14] Orchard.Recipes.Services.RecipeStepExecutor - Default - INFO Executing recipe step 'ContentDefinition'.
2016-11-30 14:56:15,840 [14] Orchard.Recipes.Providers.RecipeHandlers.RecipeExecutionStepHandler - Default - INFO Executing recipe step 'ContentDefinition'.
2016-11-30 14:56:15,843 [14] Orchard.Recipes.Services.RecipeExecutionLogger - Default - INFO ContentDefinitionStep: Importing content type 'Page'.
2016-11-30 14:56:16,017 [14] Orchard.Recipes.Services.RecipeExecutionLogger - Default - INFO ContentDefinitionStep: Importing content type 'BlogPost'.
2016-11-30 14:56:16,044 [14] Orchard.Recipes.Services.RecipeExecutionLogger - Default - INFO ContentDefinitionStep: Importing content part 'BodyPart'.
2016-11-30 14:56:16,076 [14] Orchard.Recipes.Providers.RecipeHandlers.RecipeExecutionStepHandler - Default - INFO Finished executing recipe step 'ContentDefinition'.
2016-11-30 14:56:16,087 [14] Orchard.Recipes.Services.RecipeScheduler - Default - INFO Scheduling next step of recipe.
2016-11-30 14:56:16,288 [14] Orchard.Recipes.Services.RecipeStepQueue - Default - INFO Dequeuing recipe steps.
2016-11-30 14:56:16,288 [14] Orchard.Recipes.Services.RecipeStepQueue - Default - INFO Dequeuing recipe step 'Settings'.
2016-11-30 14:56:16,289 [14] Orchard.Recipes.Services.RecipeStepExecutor - Default - INFO Executing recipe step 'Settings'.
2016-11-30 14:56:16,289 [14] Orchard.Recipes.Providers.RecipeHandlers.RecipeExecutionStepHandler - Default - INFO Executing recipe step 'Settings'.
2016-11-30 14:56:16,477 [14] Orchard.Recipes.Providers.RecipeHandlers.RecipeExecutionStepHandler - Default - INFO Finished executing recipe step 'Settings'.
2016-11-30 14:56:16,492 [14] Orchard.Recipes.Services.RecipeScheduler - Default - INFO Scheduling next step of recipe.
2016-11-30 14:56:16,670 [14] Orchard.Recipes.Services.RecipeStepQueue - Default - INFO Dequeuing recipe steps.
2016-11-30 14:56:16,671 [14] Orchard.Recipes.Services.RecipeStepQueue - Default - INFO Dequeuing recipe step 'Migration'.
2016-11-30 14:56:16,671 [14] Orchard.Recipes.Services.RecipeStepExecutor - Default - INFO Executing recipe step 'Migration'.
2016-11-30 14:56:16,672 [14] Orchard.Recipes.Providers.RecipeHandlers.RecipeExecutionStepHandler - Default - INFO Executing recipe step 'Migration'.
2016-11-30 14:56:16,788 [14] Orchard.Recipes.Providers.RecipeHandlers.RecipeExecutionStepHandler - Default - INFO Finished executing recipe step 'Migration'.
2016-11-30 14:56:16,798 [14] Orchard.Recipes.Services.RecipeScheduler - Default - INFO Scheduling next step of recipe.
2016-11-30 14:56:16,972 [14] Orchard.Recipes.Services.RecipeStepQueue - Default - INFO Dequeuing recipe steps.
2016-11-30 14:56:16,977 [14] Orchard.Recipes.Services.RecipeStepQueue - Default - INFO Dequeuing recipe step 'Command'.
2016-11-30 14:56:16,977 [14] Orchard.Recipes.Services.RecipeStepExecutor - Default - INFO Executing recipe step 'Command'.
2016-11-30 14:56:16,978 [14] Orchard.Recipes.Providers.RecipeHandlers.RecipeExecutionStepHandler - Default - INFO Executing recipe step 'Command'.
2016-11-30 14:56:16,979 [14] Orchard.Recipes.Services.RecipeExecutionLogger - Default - INFO CommandStep: Executing command: layer create Default /LayerRule:"true" /Description:"The widgets in this layer are displayed on all pages"
2016-11-30 14:56:17,269 [14] Orchard.Recipes.Services.RecipeExecutionLogger - Default - INFO CommandStep: Executing command: layer create Authenticated /LayerRule:"authenticated" /Description:"The widgets in this layer are displayed when the user is authenticated"
2016-11-30 14:56:17,293 [14] Orchard.Recipes.Services.RecipeExecutionLogger - Default - INFO CommandStep: Executing command: layer create Anonymous /LayerRule:"not authenticated" /Description:"The widgets in this layer are displayed when the user is anonymous"
2016-11-30 14:56:17,320 [14] Orchard.Recipes.Services.RecipeExecutionLogger - Default - INFO CommandStep: Executing command: layer create Disabled /LayerRule:"false" /Description:"The widgets in this layer are never displayed"
2016-11-30 14:56:17,348 [14] Orchard.Recipes.Services.RecipeExecutionLogger - Default - INFO CommandStep: Executing command: layer create TheHomepage /LayerRule:"url '~/'" /Description:"The widgets in this layer are displayed on the home page"
2016-11-30 14:56:17,371 [14] Orchard.Recipes.Services.RecipeExecutionLogger - Default - INFO CommandStep: Executing command: site setting set baseurl
2016-11-30 14:56:17,374 [14] Orchard.Recipes.Services.RecipeExecutionLogger - Default - INFO CommandStep: Executing command: menu create /MenuName:"Main Menu"
2016-11-30 14:56:17,395 [14] Orchard.Recipes.Services.RecipeExecutionLogger - Default - INFO CommandStep: Executing command: page create /Slug:"welcome-to-orchard" /Title:"Welcome to Orchard!" /Path:"welcome-to-orchard" /Homepage:true /Publish:true /UseWelcomeText:true
2016-11-30 14:56:17,842 [14] Orchard.Recipes.Services.RecipeExecutionLogger - Default - INFO CommandStep: Executing command: menuitem create /MenuPosition:"0" /MenuText:"Home" /Url:"~/" /MenuName:"Main Menu"
2016-11-30 14:56:17,888 [14] Orchard.Recipes.Services.RecipeExecutionLogger - Default - INFO CommandStep: Executing command: widget create MenuWidget /Title:"Main Menu" /RenderTitle:false /Zone:"Navigation" /Position:"1" /Layer:"Default" /Identity:"MenuWidget1" /MenuName:"Main Menu"
2016-11-30 14:56:17,953 [14] Orchard.Recipes.Services.RecipeExecutionLogger - Default - INFO CommandStep: Executing command: theme activate "The Theme Machine"
2016-11-30 14:56:17,960 [14] Orchard.Recipes.Providers.RecipeHandlers.RecipeExecutionStepHandler - Default - INFO Finished executing recipe step 'Command'.
2016-11-30 14:56:17,972 [14] Orchard.Recipes.Services.RecipeScheduler - Default - INFO Scheduling next step of recipe.
2016-11-30 14:56:18,182 [14] Orchard.Recipes.Services.RecipeStepQueue - Default - INFO Dequeuing recipe steps.
2016-11-30 14:56:18,183 [14] Orchard.Recipes.Services.RecipeStepQueue - Default - INFO Dequeuing recipe step 'ActivateShell'.
2016-11-30 14:56:18,184 [14] Orchard.Recipes.Services.RecipeStepExecutor - Default - INFO Executing recipe step 'ActivateShell'.
2016-11-30 14:56:18,184 [14] Orchard.Recipes.Providers.RecipeHandlers.RecipeExecutionStepHandler - Default - INFO Executing recipe step 'ActivateShell'.
2016-11-30 14:56:18,188 [14] Orchard.Recipes.Providers.RecipeHandlers.RecipeExecutionStepHandler - Default - INFO Finished executing recipe step 'ActivateShell'.
2016-11-30 14:56:18,312 [14] Orchard.Recipes.Services.RecipeScheduler - Default - INFO Scheduling next step of recipe.
2016-11-30 14:56:18,500 [14] Orchard.Recipes.Services.RecipeStepQueue - Default - INFO Dequeuing recipe steps.
2016-11-30 14:56:18,505 [14] Orchard.Recipes.Services.RecipeStepExecutor - Default - INFO No more recipe steps left to execute.
2016-11-30 14:56:18,506 [14] Orchard.Recipes.Services.RecipeScheduler - Default - INFO All recipe steps executed; restarting shell.
