2016-11-30 14:56:11,136 Orchard.Recipes.Services.RecipeManager - Default - INFO Executing recipe 'Default'. [ExecutionId=5f49e91d0dcf480ebaf689e6e027d071]
2016-11-30 14:56:11,153 Orchard.Recipes.Services.RecipeStepQueue - Default - INFO Enqueuing recipe step 'Feature'. [ExecutionId=5f49e91d0dcf480ebaf689e6e027d071]
2016-11-30 14:56:11,184 Orchard.Recipes.Services.RecipeStepQueue - Default - INFO Enqueuing recipe step 'ContentDefinition'. [ExecutionId=5f49e91d0dcf480ebaf689e6e027d071]
2016-11-30 14:56:11,192 Orchard.Recipes.Services.RecipeStepQueue - Default - INFO Enqueuing recipe step 'Settings'. [ExecutionId=5f49e91d0dcf480ebaf689e6e027d071]
2016-11-30 14:56:11,198 Orchard.Recipes.Services.RecipeStepQueue - Default - INFO Enqueuing recipe step 'Migration'. [ExecutionId=5f49e91d0dcf480ebaf689e6e027d071]
2016-11-30 14:56:11,202 Orchard.Recipes.Services.RecipeStepQueue - Default - INFO Enqueuing recipe step 'Command'. [ExecutionId=5f49e91d0dcf480ebaf689e6e027d071]
2016-11-30 14:56:11,215 Orchard.Recipes.Services.RecipeStepQueue - Default - INFO Enqueuing recipe step 'ActivateShell'. [ExecutionId=(null)]
2016-11-30 14:56:11,413 Orchard.Recipes.Services.RecipeStepQueue - Default - INFO Dequeuing recipe steps. [ExecutionId=5f49e91d0dcf480ebaf689e6e027d071]
2016-11-30 14:56:11,414 Orchard.Recipes.Services.RecipeStepQueue - Default - INFO Dequeuing recipe step 'Feature'. [ExecutionId=5f49e91d0dcf480ebaf689e6e027d071]
2016-11-30 14:56:11,419 Orchard.Recipes.Services.RecipeStepExecutor - Default - INFO Executing recipe step 'Feature'. [ExecutionId=5f49e91d0dcf480ebaf689e6e027d071]
2016-11-30 14:56:11,422 Orchard.Recipes.Providers.RecipeHandlers.RecipeExecutionStepHandler - Default - INFO Executing recipe step 'Feature'. [ExecutionId=5f49e91d0dcf480ebaf689e6e027d071]
2016-11-30 14:56:11,425 Orchard.Recipes.Services.RecipeExecutionLogger - Default - INFO FeatureStep: Enabling features: Orchard.Blogs;Orchard.Comments;Orchard.Tags;Orchard.Alias;Orchard.Autoroute;TinyMce;Orchard.MediaLibrary;Orchard.ContentPicker;Orchard.PublishLater;Orchard.Resources;Orchard.Widgets;Orchard.ContentTypes;Orchard.Scripting;Orchard.Scripting.Lightweight;PackagingServices;Orchard.Packaging;Orchard.Projections;Orchard.Fields;Orchard.OutputCache;Orchard.Taxonomies;Orchard.Workflows;Orchard.Layouts;Orchard.Layouts.Tokens;TheThemeMachine [ExecutionId=5f49e91d0dcf480ebaf689e6e027d071]
2016-11-30 14:56:11,580 Orchard.Recipes.Providers.RecipeHandlers.RecipeExecutionStepHandler - Default - INFO Finished executing recipe step 'Feature'. [ExecutionId=5f49e91d0dcf480ebaf689e6e027d071]
2016-11-30 14:56:11,605 Orchard.Recipes.Services.RecipeScheduler - Default - INFO Scheduling next step of recipe. [ExecutionId=5f49e91d0dcf480ebaf689e6e027d071]
2016-11-30 14:56:15,834 Orchard.Recipes.Services.RecipeStepQueue - Default - INFO Dequeuing recipe steps. [ExecutionId=5f49e91d0dcf480ebaf689e6e027d071]
2016-11-30 14:56:15,835 Orchard.Recipes.Services.RecipeStepQueue - Default - INFO Dequeuing recipe step 'ContentDefinition'. [ExecutionId=5f49e91d0dcf480ebaf689e6e027d071]
2016-11-30 14:56:15,840 Orchard.Recipes.Services.RecipeStepExecutor - Default - INFO Executing recipe step 'ContentDefinition'. [ExecutionId=5f49e91d0dcf480ebaf689e6e027d071]
2016-11-30 14:56:15,840 Orchard.Recipes.Providers.RecipeHandlers.RecipeExecutionStepHandler - Default - INFO Executing recipe step 'ContentDefinition'. [ExecutionId=5f49e91d0dcf480ebaf689e6e027d071]
2016-11-30 14:56:15,843 Orchard.Recipes.Services.RecipeExecutionLogger - Default - INFO ContentDefinitionStep: Importing content type 'Page'. [ExecutionId=5f49e91d0dcf480ebaf689e6e027d071]
2016-11-30 14:56:16,017 Orchard.Recipes.Services.RecipeExecutionLogger - Default - INFO ContentDefinitionStep: Importing content type 'BlogPost'. [ExecutionId=5f49e91d0dcf480ebaf689e6e027d071]
2016-11-30 14:56:16,044 Orchard.Recipes.Services.RecipeExecutionLogger - Default - INFO ContentDefinitionStep: Importing content part 'BodyPart'. [ExecutionId=5f49e91d0dcf480ebaf689e6e027d071]
2016-11-30 14:56:16,076 Orchard.Recipes.Providers.RecipeHandlers.RecipeExecutionStepHandler - Default - INFO Finished executing recipe step 'ContentDefinition'. [ExecutionId=5f49e91d0dcf480ebaf689e6e027d071]
2016-11-30 14:56:16,087 Orchard.Recipes.Services.RecipeScheduler - Default - INFO Scheduling next step of recipe. [ExecutionId=5f49e91d0dcf480ebaf689e6e027d071]
2016-11-30 14:56:16,288 Orchard.Recipes.Services.RecipeStepQueue - Default - INFO Dequeuing recipe steps. [ExecutionId=5f49e91d0dcf480ebaf689e6e027d071]
2016-11-30 14:56:16,288 Orchard.Recipes.Services.RecipeStepQueue - Default - INFO Dequeuing recipe step 'Settings'. [ExecutionId=5f49e91d0dcf480ebaf689e6e027d071]
2016-11-30 14:56:16,289 Orchard.Recipes.Services.RecipeStepExecutor - Default - INFO Executing recipe step 'Settings'. [ExecutionId=5f49e91d0dcf480ebaf689e6e027d071]
2016-11-30 14:56:16,289 Orchard.Recipes.Providers.RecipeHandlers.RecipeExecutionStepHandler - Default - INFO Executing recipe step 'Settings'. [ExecutionId=5f49e91d0dcf480ebaf689e6e027d071]
2016-11-30 14:56:16,477 Orchard.Recipes.Providers.RecipeHandlers.RecipeExecutionStepHandler - Default - INFO Finished executing recipe step 'Settings'. [ExecutionId=5f49e91d0dcf480ebaf689e6e027d071]
2016-11-30 14:56:16,492 Orchard.Recipes.Services.RecipeScheduler - Default - INFO Scheduling next step of recipe. [ExecutionId=5f49e91d0dcf480ebaf689e6e027d071]
2016-11-30 14:56:16,670 Orchard.Recipes.Services.RecipeStepQueue - Default - INFO Dequeuing recipe steps. [ExecutionId=5f49e91d0dcf480ebaf689e6e027d071]
2016-11-30 14:56:16,671 Orchard.Recipes.Services.RecipeStepQueue - Default - INFO Dequeuing recipe step 'Migration'. [ExecutionId=5f49e91d0dcf480ebaf689e6e027d071]
2016-11-30 14:56:16,671 Orchard.Recipes.Services.RecipeStepExecutor - Default - INFO Executing recipe step 'Migration'. [ExecutionId=5f49e91d0dcf480ebaf689e6e027d071]
2016-11-30 14:56:16,672 Orchard.Recipes.Providers.RecipeHandlers.RecipeExecutionStepHandler - Default - INFO Executing recipe step 'Migration'. [ExecutionId=5f49e91d0dcf480ebaf689e6e027d071]
2016-11-30 14:56:16,788 Orchard.Recipes.Providers.RecipeHandlers.RecipeExecutionStepHandler - Default - INFO Finished executing recipe step 'Migration'. [ExecutionId=5f49e91d0dcf480ebaf689e6e027d071]
2016-11-30 14:56:16,798 Orchard.Recipes.Services.RecipeScheduler - Default - INFO Scheduling next step of recipe. [ExecutionId=5f49e91d0dcf480ebaf689e6e027d071]
2016-11-30 14:56:16,972 Orchard.Recipes.Services.RecipeStepQueue - Default - INFO Dequeuing recipe steps. [ExecutionId=5f49e91d0dcf480ebaf689e6e027d071]
2016-11-30 14:56:16,977 Orchard.Recipes.Services.RecipeStepQueue - Default - INFO Dequeuing recipe step 'Command'. [ExecutionId=5f49e91d0dcf480ebaf689e6e027d071]
2016-11-30 14:56:16,977 Orchard.Recipes.Services.RecipeStepExecutor - Default - INFO Executing recipe step 'Command'. [ExecutionId=5f49e91d0dcf480ebaf689e6e027d071]
2016-11-30 14:56:16,978 Orchard.Recipes.Providers.RecipeHandlers.RecipeExecutionStepHandler - Default - INFO Executing recipe step 'Command'. [ExecutionId=5f49e91d0dcf480ebaf689e6e027d071]
2016-11-30 14:56:16,979 Orchard.Recipes.Services.RecipeExecutionLogger - Default - INFO CommandStep: Executing command: layer create Default /LayerRule:"true" /Description:"The widgets in this layer are displayed on all pages" [ExecutionId=5f49e91d0dcf480ebaf689e6e027d071]
2016-11-30 14:56:17,269 Orchard.Recipes.Services.RecipeExecutionLogger - Default - INFO CommandStep: Executing command: layer create Authenticated /LayerRule:"authenticated" /Description:"The widgets in this layer are displayed when the user is authenticated" [ExecutionId=5f49e91d0dcf480ebaf689e6e027d071]
2016-11-30 14:56:17,293 Orchard.Recipes.Services.RecipeExecutionLogger - Default - INFO CommandStep: Executing command: layer create Anonymous /LayerRule:"not authenticated" /Description:"The widgets in this layer are displayed when the user is anonymous" [ExecutionId=5f49e91d0dcf480ebaf689e6e027d071]
2016-11-30 14:56:17,320 Orchard.Recipes.Services.RecipeExecutionLogger - Default - INFO CommandStep: Executing command: layer create Disabled /LayerRule:"false" /Description:"The widgets in this layer are never displayed" [ExecutionId=5f49e91d0dcf480ebaf689e6e027d071]
2016-11-30 14:56:17,348 Orchard.Recipes.Services.RecipeExecutionLogger - Default - INFO CommandStep: Executing command: layer create TheHomepage /LayerRule:"url '~/'" /Description:"The widgets in this layer are displayed on the home page" [ExecutionId=5f49e91d0dcf480ebaf689e6e027d071]
2016-11-30 14:56:17,371 Orchard.Recipes.Services.RecipeExecutionLogger - Default - INFO CommandStep: Executing command: site setting set baseurl [ExecutionId=5f49e91d0dcf480ebaf689e6e027d071]
2016-11-30 14:56:17,374 Orchard.Recipes.Services.RecipeExecutionLogger - Default - INFO CommandStep: Executing command: menu create /MenuName:"Main Menu" [ExecutionId=5f49e91d0dcf480ebaf689e6e027d071]
2016-11-30 14:56:17,395 Orchard.Recipes.Services.RecipeExecutionLogger - Default - INFO CommandStep: Executing command: page create /Slug:"welcome-to-orchard" /Title:"Welcome to Orchard!" /Path:"welcome-to-orchard" /Homepage:true /Publish:true /UseWelcomeText:true [ExecutionId=5f49e91d0dcf480ebaf689e6e027d071]
2016-11-30 14:56:17,842 Orchard.Recipes.Services.RecipeExecutionLogger - Default - INFO CommandStep: Executing command: menuitem create /MenuPosition:"0" /MenuText:"Home" /Url:"~/" /MenuName:"Main Menu" [ExecutionId=5f49e91d0dcf480ebaf689e6e027d071]
2016-11-30 14:56:17,888 Orchard.Recipes.Services.RecipeExecutionLogger - Default - INFO CommandStep: Executing command: widget create MenuWidget /Title:"Main Menu" /RenderTitle:false /Zone:"Navigation" /Position:"1" /Layer:"Default" /Identity:"MenuWidget1" /MenuName:"Main Menu" [ExecutionId=5f49e91d0dcf480ebaf689e6e027d071]
2016-11-30 14:56:17,953 Orchard.Recipes.Services.RecipeExecutionLogger - Default - INFO CommandStep: Executing command: theme activate "The Theme Machine" [ExecutionId=5f49e91d0dcf480ebaf689e6e027d071]
2016-11-30 14:56:17,960 Orchard.Recipes.Providers.RecipeHandlers.RecipeExecutionStepHandler - Default - INFO Finished executing recipe step 'Command'. [ExecutionId=5f49e91d0dcf480ebaf689e6e027d071]
2016-11-30 14:56:17,972 Orchard.Recipes.Services.RecipeScheduler - Default - INFO Scheduling next step of recipe. [ExecutionId=5f49e91d0dcf480ebaf689e6e027d071]
2016-11-30 14:56:18,182 Orchard.Recipes.Services.RecipeStepQueue - Default - INFO Dequeuing recipe steps. [ExecutionId=5f49e91d0dcf480ebaf689e6e027d071]
2016-11-30 14:56:18,183 Orchard.Recipes.Services.RecipeStepQueue - Default - INFO Dequeuing recipe step 'ActivateShell'. [ExecutionId=5f49e91d0dcf480ebaf689e6e027d071]
2016-11-30 14:56:18,184 Orchard.Recipes.Services.RecipeStepExecutor - Default - INFO Executing recipe step 'ActivateShell'. [ExecutionId=5f49e91d0dcf480ebaf689e6e027d071]
2016-11-30 14:56:18,184 Orchard.Recipes.Providers.RecipeHandlers.RecipeExecutionStepHandler - Default - INFO Executing recipe step 'ActivateShell'. [ExecutionId=5f49e91d0dcf480ebaf689e6e027d071]
2016-11-30 14:56:18,188 Orchard.Recipes.Providers.RecipeHandlers.RecipeExecutionStepHandler - Default - INFO Finished executing recipe step 'ActivateShell'. [ExecutionId=5f49e91d0dcf480ebaf689e6e027d071]
2016-11-30 14:56:18,312 Orchard.Recipes.Services.RecipeScheduler - Default - INFO Scheduling next step of recipe. [ExecutionId=5f49e91d0dcf480ebaf689e6e027d071]
2016-11-30 14:56:18,500 Orchard.Recipes.Services.RecipeStepQueue - Default - INFO Dequeuing recipe steps. [ExecutionId=5f49e91d0dcf480ebaf689e6e027d071]
2016-11-30 14:56:18,505 Orchard.Recipes.Services.RecipeStepExecutor - Default - INFO No more recipe steps left to execute. [ExecutionId=5f49e91d0dcf480ebaf689e6e027d071]
2016-11-30 14:56:18,506 Orchard.Recipes.Services.RecipeScheduler - Default - INFO All recipe steps executed; restarting shell. [ExecutionId=5f49e91d0dcf480ebaf689e6e027d071]
